  main.cpp
main.cpp(61): warning C4005: '_WIN32_IE': macro redefinition
  C:\Program Files (x86)\Windows Kits\8.1\Include\shared\sdkddkver.h(239): note: see previous definition of '_WIN32_IE'
main.cpp(62): warning C4005: '_WIN32_WINNT': macro redefinition
  C:\Program Files (x86)\Windows Kits\8.1\Include\shared\sdkddkver.h(200): note: see previous definition of '_WIN32_WINNT'
main.cpp(474): warning C4018: '<': signed/unsigned mismatch
main.cpp(497): warning C4018: '<': signed/unsigned mismatch
main.cpp(533): warning C4018: '<': signed/unsigned mismatch
main.cpp(556): warning C4018: '<': signed/unsigned mismatch
main.cpp(593): warning C4018: '<': signed/unsigned mismatch
main.cpp(834): warning C4018: '<': signed/unsigned mismatch
main.cpp(856): warning C4018: '<': signed/unsigned mismatch
main.cpp(877): warning C4018: '<': signed/unsigned mismatch
main.cpp(890): warning C4018: '<': signed/unsigned mismatch
main.cpp(967): warning C4018: '<': signed/unsigned mismatch
main.cpp(998): warning C4018: '<': signed/unsigned mismatch
  Generating code
  0 of 723 functions ( 0.0%) were compiled, the rest were copied from previous compilation.
    0 functions were new in current compilation
    0 functions had inline decision re-evaluated but remain unchanged
  Finished generating code
  Ass2.vcxproj -> H:\My Projects\Assigements\Ass2\Release\ass222.exe
